Traceback (most recent call last):
  File "/opt/hostedtoolcache/Python/3.8.18/x64/lib/python3.8/site-packages/jupyter_cache/executors/utils.py", line 58, in single_nb_execution
    executenb(
  File "/opt/hostedtoolcache/Python/3.8.18/x64/lib/python3.8/site-packages/nbclient/client.py", line 1305, in execute
    return NotebookClient(nb=nb, resources=resources, km=km, **kwargs).execute()
  File "/opt/hostedtoolcache/Python/3.8.18/x64/lib/python3.8/site-packages/jupyter_core/utils/__init__.py", line 165, in wrapped
    return loop.run_until_complete(inner)
  File "/opt/hostedtoolcache/Python/3.8.18/x64/lib/python3.8/asyncio/base_events.py", line 616, in run_until_complete
    return future.result()
  File "/opt/hostedtoolcache/Python/3.8.18/x64/lib/python3.8/site-packages/nbclient/client.py", line 705, in async_execute
    await self.async_execute_cell(
  File "/opt/hostedtoolcache/Python/3.8.18/x64/lib/python3.8/site-packages/nbclient/client.py", line 1058, in async_execute_cell
    await self._check_raise_for_error(cell, cell_index, exec_reply)
  File "/opt/hostedtoolcache/Python/3.8.18/x64/lib/python3.8/site-packages/nbclient/client.py", line 914, in _check_raise_for_error
    raise CellExecutionError.from_cell_and_msg(cell, exec_reply_content)
nbclient.exceptions.CellExecutionError: An error occurred while executing the following cell:
------------------
import napari
import numpy as np
from biaplotter.plotter import CanvasWidget, ArtistType
from napari.utils import nbscreenshot
------------------


[0;31m---------------------------------------------------------------------------[0m
[0;31mQtBindingsNotFoundError[0m                   Traceback (most recent call last)
Cell [0;32mIn[1], line 3[0m
[1;32m      1[0m [38;5;28;01mimport[39;00m [38;5;21;01mnapari[39;00m
[1;32m      2[0m [38;5;28;01mimport[39;00m [38;5;21;01mnumpy[39;00m [38;5;28;01mas[39;00m [38;5;21;01mnp[39;00m
[0;32m----> 3[0m [38;5;28;01mfrom[39;00m [38;5;21;01mbiaplotter[39;00m[38;5;21;01m.[39;00m[38;5;21;01mplotter[39;00m [38;5;28;01mimport[39;00m CanvasWidget, ArtistType
[1;32m      4[0m [38;5;28;01mfrom[39;00m [38;5;21;01mnapari[39;00m[38;5;21;01m.[39;00m[38;5;21;01mutils[39;00m [38;5;28;01mimport[39;00m nbscreenshot

File [0;32m/opt/hostedtoolcache/Python/3.8.18/x64/lib/python3.8/site-packages/biaplotter/__init__.py:2[0m
[1;32m      1[0m __version__ [38;5;241m=[39m [38;5;124m"[39m[38;5;124m0.0.1[39m[38;5;124m"[39m
[0;32m----> 2[0m [38;5;28;01mfrom[39;00m [38;5;21;01m.[39;00m[38;5;21;01mplotter[39;00m [38;5;28;01mimport[39;00m CanvasWidget
[1;32m      3[0m [38;5;28;01mfrom[39;00m [38;5;21;01m.[39;00m[38;5;21;01martists[39;00m [38;5;28;01mimport[39;00m Scatter, Histogram2D
[1;32m      4[0m [38;5;28;01mfrom[39;00m [38;5;21;01m.[39;00m[38;5;21;01mselectors[39;00m [38;5;28;01mimport[39;00m InteractiveRectangleSelector, InteractiveEllipseSelector, InteractiveLassoSelector

File [0;32m/opt/hostedtoolcache/Python/3.8.18/x64/lib/python3.8/site-packages/biaplotter/plotter.py:5[0m
[1;32m      3[0m [38;5;28;01mfrom[39;00m [38;5;21;01mpathlib[39;00m [38;5;28;01mimport[39;00m Path
[1;32m      4[0m [38;5;28;01mfrom[39;00m [38;5;21;01menum[39;00m [38;5;28;01mimport[39;00m Enum, auto
[0;32m----> 5[0m [38;5;28;01mfrom[39;00m [38;5;21;01mnap_plot_tools[39;00m [38;5;28;01mimport[39;00m CustomToolbarWidget, QtColorSpinBox
[1;32m      6[0m [38;5;28;01mfrom[39;00m [38;5;21;01mnapari[39;00m[38;5;21;01m.[39;00m[38;5;21;01mlayers[39;00m [38;5;28;01mimport[39;00m Labels, Points, Tracks
[1;32m      7[0m [38;5;28;01mfrom[39;00m [38;5;21;01mnapari_matplotlib[39;00m[38;5;21;01m.[39;00m[38;5;21;01mbase[39;00m [38;5;28;01mimport[39;00m BaseNapariMPLWidget

File [0;32m/opt/hostedtoolcache/Python/3.8.18/x64/lib/python3.8/site-packages/nap_plot_tools/__init__.py:3[0m
[1;32m      1[0m __version__ [38;5;241m=[39m [38;5;124m"[39m[38;5;124m0.1.0[39m[38;5;124m"[39m
[0;32m----> 3[0m [38;5;28;01mfrom[39;00m [38;5;21;01m.[39;00m[38;5;21;01mtools[39;00m [38;5;28;01mimport[39;00m QtColorSpinBox, CustomToolbarWidget
[1;32m      4[0m [38;5;28;01mfrom[39;00m [38;5;21;01m.[39;00m[38;5;21;01mcmap[39;00m [38;5;28;01mimport[39;00m cat10_mod_cmap, cat10_mod_cmap_first_transparent, make_cat10_mod_cmap, get_custom_cat10based_cmap_list [38;5;66;03m# get_custom_cat10based_cmap_list is deprecated[39;00m

File [0;32m/opt/hostedtoolcache/Python/3.8.18/x64/lib/python3.8/site-packages/nap_plot_tools/tools.py:2[0m
[1;32m      1[0m [38;5;28;01mfrom[39;00m [38;5;21;01mnap_plot_tools[39;00m[38;5;21;01m.[39;00m[38;5;21;01mcmap[39;00m [38;5;28;01mimport[39;00m make_cat10_mod_cmap
[0;32m----> 2[0m [38;5;28;01mfrom[39;00m [38;5;21;01mqtpy[39;00m[38;5;21;01m.[39;00m[38;5;21;01mQtCore[39;00m [38;5;28;01mimport[39;00m Qt, QSize, QRect, Signal
[1;32m      3[0m [38;5;28;01mfrom[39;00m [38;5;21;01mqtpy[39;00m[38;5;21;01m.[39;00m[38;5;21;01mQtGui[39;00m [38;5;28;01mimport[39;00m QColor, QPainter, QPixmap
[1;32m      4[0m [38;5;28;01mfrom[39;00m [38;5;21;01mqtpy[39;00m[38;5;21;01m.[39;00m[38;5;21;01mQtWidgets[39;00m [38;5;28;01mimport[39;00m QSpinBox, QToolButton, QToolBar, QVBoxLayout, QWidget, QHBoxLayout, QSizePolicy

File [0;32m/opt/hostedtoolcache/Python/3.8.18/x64/lib/python3.8/site-packages/qtpy/__init__.py:287[0m
[1;32m    284[0m     QT6 [38;5;241m=[39m PYSIDE6 [38;5;241m=[39m [38;5;28;01mTrue[39;00m
[1;32m    286[0m [38;5;28;01mexcept[39;00m [38;5;167;01mImportError[39;00m:
[0;32m--> 287[0m     [38;5;28;01mraise[39;00m QtBindingsNotFoundError [38;5;28;01mfrom[39;00m [38;5;28;01mNone[39;00m
[1;32m    288[0m [38;5;28;01melse[39;00m:
[1;32m    289[0m     os[38;5;241m.[39menviron[QT_API] [38;5;241m=[39m API

[0;31mQtBindingsNotFoundError[0m: No Qt bindings could be found

